<?xml version="1.0" encoding="UTF-8"?>
<!-- Generated by org.testng.reporters.JUnitReportReporter -->
<testsuite skipped="1" hostname="MacBookPro.local" name="day7TestNG.TestngTesting" tests="4" failures="0" timestamp="19 Jun 2019 22:34:12 GMT" time="0.007" errors="0">
  <testcase name="testcase1" time="0.004" classname="day7TestNG.TestngTesting"/>
  <testcase name="testcase3" time="0.002" classname="day7TestNG.TestngTesting"/>
  <testcase name="testcase7" time="0.001" classname="day7TestNG.TestngTesting"/>
  <testcase name="testcase5" classname="day7TestNG.TestngTesting">
    <skipped/>
  </testcase> <!-- testcase5 -->
</testsuite> <!-- day7TestNG.TestngTesting -->
