<?xml version="1.0" encoding="UTF-8"?>
<!-- Generated by org.testng.reporters.JUnitReportReporter -->
<testsuite skipped="1" hostname="MacBookPro.local" name="day7.TestngTesting2" tests="7" failures="0" timestamp="21 Jun 2019 00:45:44 GMT" time="0.014" errors="0">
  <testcase name="testcase1" time="0.010" classname="day7.TestngTesting2"/>
  <testcase name="testcase3" time="0.001" classname="day7.TestngTesting2"/>
  <testcase name="testcase3" time="0.001" classname="day7.TestngTesting2"/>
  <testcase name="testcase3" time="0.001" classname="day7.TestngTesting2"/>
  <testcase name="testcase7" time="0.000" classname="day7.TestngTesting2"/>
  <testcase name="testcase3" time="0.001" classname="day7.TestngTesting2"/>
  <testcase name="testcase5" classname="day7.TestngTesting2">
    <skipped/>
  </testcase> <!-- testcase5 -->
</testsuite> <!-- day7.TestngTesting2 -->
