<?xml version="1.0" encoding="UTF-8"?>
<!-- Generated by org.testng.reporters.JUnitReportReporter -->
<testsuite skipped="1" hostname="MacBookPro.local" name="day7TestNG.TestngTesting1" tests="7" failures="0" timestamp="20 Jun 2019 23:35:08 GMT" time="0.013" errors="0">
  <testcase name="testcase1" time="0.006" classname="day7TestNG.TestngTesting1"/>
  <testcase name="testcase3" time="0.001" classname="day7TestNG.TestngTesting1"/>
  <testcase name="testcase3" time="0.001" classname="day7TestNG.TestngTesting1"/>
  <testcase name="testcase3" time="0.002" classname="day7TestNG.TestngTesting1"/>
  <testcase name="testcase3" time="0.002" classname="day7TestNG.TestngTesting1"/>
  <testcase name="testcase7" time="0.001" classname="day7TestNG.TestngTesting1"/>
  <testcase name="testcase5" classname="day7TestNG.TestngTesting1">
    <skipped/>
  </testcase> <!-- testcase5 -->
</testsuite> <!-- day7TestNG.TestngTesting1 -->
