<?xml version="1.0" encoding="UTF-8"?>
<!-- Generated by org.testng.reporters.JUnitReportReporter -->
<testsuite skipped="0" hostname="MacBookPro.local" name="day8.DataProviderExample" tests="3" failures="0" timestamp="07 Aug 2019 22:31:04 GMT" time="0.010" errors="0">
  <testcase name="printTestData" time="0.002" classname="day8.DataProviderExample"/>
  <testcase name="printTestData" time="0.006" classname="day8.DataProviderExample"/>
  <testcase name="printTestData" time="0.002" classname="day8.DataProviderExample"/>
</testsuite> <!-- day8.DataProviderExample -->
